<?xml version="1.0" encoding="UTF-8"?>
<!-- Generated by org.testng.reporters.JUnitReportReporter -->
<testsuite hostname="LENOVO-LAPTOP" failures="0" tests="1" name="test.testing_2" time="0.000" errors="0" timestamp="2022-04-11T11:59:45 IST" skipped="0">
  <testcase classname="test.testing_2" name="demo3" time="0.000"/>
  <system-out/>
</testsuite> <!-- test.testing_2 -->
