<?xml version="1.0" encoding="UTF-8"?>
<!-- Generated by org.testng.reporters.JUnitReportReporter -->
<testsuite hostname="LENOVO-LAPTOP" failures="0" tests="1" name="test.testng_1" time="0.006" errors="0" timestamp="2022-04-11T11:59:45 IST" skipped="0">
  <testcase classname="test.testng_1" name="demo" time="0.006"/>
  <system-out/>
</testsuite> <!-- test.testng_1 -->
